This file contains any messages produced by compilers while
running configure, to aid debugging if configure makes a mistake.

It was created by traffiser configure 0.1.0, which was
generated by GNU Autoconf 2.71.  Invocation command line was

  $ ./configure

## --------- ##
## Platform. ##
## --------- ##

hostname = kali
uname -m = x86_64
uname -r = 6.1.0-kali5-amd64
uname -s = Linux
uname -v = #1 SMP PREEMPT_DYNAMIC Debian 6.1.12-1kali2 (2023-02-23)

/usr/bin/uname -p = unknown
/bin/uname -X     = unknown

/bin/arch              = x86_64
/usr/bin/arch -k       = unknown
/usr/convex/getsysinfo = unknown
/usr/bin/hostinfo      = unknown
/bin/machine           = unknown
/usr/bin/oslevel       = unknown
/bin/universe          = unknown

PATH: /usr/local/sbin/
PATH: /usr/local/bin/
PATH: /usr/sbin/
PATH: /usr/bin/
PATH: /sbin/
PATH: /bin/
PATH: /usr/local/games/
PATH: /usr/games/


## ----------- ##
## Core tests. ##
## ----------- ##

configure:2848: looking for aux files: config.guess config.sub ltmain.sh compile missing install-sh
configure:2861:  trying ./generated/
configure:2890:   ./generated/config.guess found
configure:2890:   ./generated/config.sub found
configure:2890:   ./generated/ltmain.sh found
configure:2890:   ./generated/compile found
configure:2890:   ./generated/missing found
configure:2872:   ./generated/install-sh found
configure:3002: checking whether to enable maintainer-specific portions of Makefiles
configure:3012: result: no
configure:3045: checking for a BSD-compatible install
configure:3118: result: /usr/bin/install -c
configure:3129: checking whether build environment is sane
configure:3184: result: yes
configure:3343: checking for a race-free mkdir -p
configure:3387: result: /usr/bin/mkdir -p
configure:3394: checking for gawk
configure:3415: found /usr/bin/gawk
configure:3426: result: gawk
configure:3437: checking whether make sets $(MAKE)
configure:3460: result: yes
configure:3490: checking whether make supports nested variables
configure:3508: result: yes
configure:3649: checking for bash
configure:3670: found /usr/bin/bash
configure:3681: result: yes
configure:3764: checking for g++
configure:3785: found /usr/bin/g++
configure:3796: result: g++
configure:3823: checking for C++ compiler version
configure:3832: g++ --version >&5
g++ (Debian 13.2.0-13) 13.2.0
Copyright (C) 2023 Free Software Foundation, Inc.
This is free software; see the source for copying conditions.  There is NO
warranty; not even for MERCHANTABILITY or FITNESS FOR A PARTICULAR PURPOSE.

configure:3843: $? = 0
configure:3832: g++ -v >&5
Using built-in specs.
COLLECT_GCC=g++
COLLECT_LTO_WRAPPER=/usr/libexec/gcc/x86_64-linux-gnu/13/lto-wrapper
OFFLOAD_TARGET_NAMES=nvptx-none:amdgcn-amdhsa
OFFLOAD_TARGET_DEFAULT=1
Target: x86_64-linux-gnu
Configured with: ../src/configure -v --with-pkgversion='Debian 13.2.0-13' --with-bugurl=file:///usr/share/doc/gcc-13/README.Bugs --enable-languages=c,ada,c++,go,d,fortran,objc,obj-c++,m2 --prefix=/usr --with-gcc-major-version-only --program-suffix=-13 --program-prefix=x86_64-linux-gnu- --enable-shared --enable-linker-build-id --libexecdir=/usr/libexec --without-included-gettext --enable-threads=posix --libdir=/usr/lib --enable-nls --enable-clocale=gnu --enable-libstdcxx-debug --enable-libstdcxx-time=yes --with-default-libstdcxx-abi=new --enable-libstdcxx-backtrace --enable-gnu-unique-object --disable-vtable-verify --enable-plugin --enable-default-pie --with-system-zlib --enable-libphobos-checking=release --with-target-system-zlib=auto --enable-objc-gc=auto --enable-multiarch --disable-werror --enable-cet --with-arch-32=i686 --with-abi=m64 --with-multilib-list=m32,m64,mx32 --enable-multilib --with-tune=generic --enable-offload-targets=nvptx-none=/build/reproducible-path/gcc-13-13.2.0/debian/tmp-nvptx/usr,amdgcn-amdhsa=/build/reproducible-path/gcc-13-13.2.0/debian/tmp-gcn/usr --enable-offload-defaulted --without-cuda-driver --enable-checking=release --build=x86_64-linux-gnu --host=x86_64-linux-gnu --target=x86_64-linux-gnu
Thread model: posix
Supported LTO compression algorithms: zlib zstd
gcc version 13.2.0 (Debian 13.2.0-13) 
... rest of stderr output deleted ...
configure:3843: $? = 0
configure:3832: g++ -V >&5
g++: error: unrecognized command-line option '-V'
g++: fatal error: no input files
compilation terminated.
configure:3843: $? = 1
configure:3832: g++ -qversion >&5
g++: error: unrecognized command-line option '-qversion'; did you mean '--version'?
g++: fatal error: no input files
compilation terminated.
configure:3843: $? = 1
configure:3863: checking whether the C++ compiler works
configure:3885: g++    conftest.cpp  >&5
configure:3889: $? = 0
configure:3939: result: yes
configure:3942: checking for C++ compiler default output file name
configure:3944: result: a.out
configure:3950: checking for suffix of executables
configure:3957: g++ -o conftest    conftest.cpp  >&5
configure:3961: $? = 0
configure:3984: result: 
configure:4006: checking whether we are cross compiling
configure:4014: g++ -o conftest    conftest.cpp  >&5
configure:4018: $? = 0
configure:4025: ./conftest
configure:4029: $? = 0
configure:4044: result: no
configure:4049: checking for suffix of object files
configure:4072: g++ -c   conftest.cpp >&5
configure:4076: $? = 0
configure:4098: result: o
configure:4102: checking whether the compiler supports GNU C++
configure:4122: g++ -c   conftest.cpp >&5
configure:4122: $? = 0
configure:4132: result: yes
configure:4143: checking whether g++ accepts -g
configure:4164: g++ -c -g  conftest.cpp >&5
configure:4164: $? = 0
configure:4208: result: yes
configure:4228: checking for g++ option to enable C++11 features
configure:4243: g++  -c -g -O2  conftest.cpp >&5
conftest.cpp: In function 'int main(int, char**)':
conftest.cpp:177:25: warning: empty parentheses were disambiguated as a function declaration [-Wvexing-parse]
  177 |   cxx11test::delegate d2();
      |                         ^~
conftest.cpp:177:25: note: remove parentheses to default-initialize a variable
  177 |   cxx11test::delegate d2();
      |                         ^~
      |                         --
conftest.cpp:177:25: note: or replace parentheses with braces to value-initialize a variable
configure:4243: $? = 0
configure:4261: result: none needed
configure:4328: checking whether make supports the include directive
configure:4343: make -f confmf.GNU && cat confinc.out
this is the am__doit target
configure:4346: $? = 0
configure:4365: result: yes (GNU style)
configure:4391: checking dependency style of g++
configure:4503: result: gcc3
configure:4580: checking for gcc
configure:4601: found /usr/bin/gcc
configure:4612: result: gcc
configure:4965: checking for C compiler version
configure:4974: gcc --version >&5
gcc (Debian 13.2.0-13) 13.2.0
Copyright (C) 2023 Free Software Foundation, Inc.
This is free software; see the source for copying conditions.  There is NO
warranty; not even for MERCHANTABILITY or FITNESS FOR A PARTICULAR PURPOSE.

configure:4985: $? = 0
configure:4974: gcc -v >&5
Using built-in specs.
COLLECT_GCC=gcc
COLLECT_LTO_WRAPPER=/usr/libexec/gcc/x86_64-linux-gnu/13/lto-wrapper
OFFLOAD_TARGET_NAMES=nvptx-none:amdgcn-amdhsa
OFFLOAD_TARGET_DEFAULT=1
Target: x86_64-linux-gnu
Configured with: ../src/configure -v --with-pkgversion='Debian 13.2.0-13' --with-bugurl=file:///usr/share/doc/gcc-13/README.Bugs --enable-languages=c,ada,c++,go,d,fortran,objc,obj-c++,m2 --prefix=/usr --with-gcc-major-version-only --program-suffix=-13 --program-prefix=x86_64-linux-gnu- --enable-shared --enable-linker-build-id --libexecdir=/usr/libexec --without-included-gettext --enable-threads=posix --libdir=/usr/lib --enable-nls --enable-clocale=gnu --enable-libstdcxx-debug --enable-libstdcxx-time=yes --with-default-libstdcxx-abi=new --enable-libstdcxx-backtrace --enable-gnu-unique-object --disable-vtable-verify --enable-plugin --enable-default-pie --with-system-zlib --enable-libphobos-checking=release --with-target-system-zlib=auto --enable-objc-gc=auto --enable-multiarch --disable-werror --enable-cet --with-arch-32=i686 --with-abi=m64 --with-multilib-list=m32,m64,mx32 --enable-multilib --with-tune=generic --enable-offload-targets=nvptx-none=/build/reproducible-path/gcc-13-13.2.0/debian/tmp-nvptx/usr,amdgcn-amdhsa=/build/reproducible-path/gcc-13-13.2.0/debian/tmp-gcn/usr --enable-offload-defaulted --without-cuda-driver --enable-checking=release --build=x86_64-linux-gnu --host=x86_64-linux-gnu --target=x86_64-linux-gnu
Thread model: posix
Supported LTO compression algorithms: zlib zstd
gcc version 13.2.0 (Debian 13.2.0-13) 
... rest of stderr output deleted ...
configure:4985: $? = 0
configure:4974: gcc -V >&5
gcc: error: unrecognized command-line option '-V'
gcc: fatal error: no input files
compilation terminated.
configure:4985: $? = 1
configure:4974: gcc -qversion >&5
gcc: error: unrecognized command-line option '-qversion'; did you mean '--version'?
gcc: fatal error: no input files
compilation terminated.
configure:4985: $? = 1
configure:4974: gcc -version >&5
gcc: error: unrecognized command-line option '-version'
gcc: fatal error: no input files
compilation terminated.
configure:4985: $? = 1
configure:4989: checking whether the compiler supports GNU C
configure:5009: gcc -c   conftest.c >&5
configure:5009: $? = 0
configure:5019: result: yes
configure:5030: checking whether gcc accepts -g
configure:5051: gcc -c -g  conftest.c >&5
configure:5051: $? = 0
configure:5095: result: yes
configure:5115: checking for gcc option to enable C11 features
configure:5130: gcc  -c -g -O2  conftest.c >&5
configure:5130: $? = 0
configure:5148: result: none needed
configure:5264: checking whether gcc understands -c and -o together
configure:5287: gcc -c conftest.c -o conftest2.o
configure:5290: $? = 0
configure:5287: gcc -c conftest.c -o conftest2.o
configure:5290: $? = 0
configure:5302: result: yes
configure:5321: checking dependency style of gcc
configure:5433: result: gcc3
configure:5453: checking how to run the C preprocessor
configure:5479: gcc -E  conftest.c
configure:5479: $? = 0
configure:5494: gcc -E  conftest.c
conftest.c:11:10: fatal error: ac_nonexistent.h: No such file or directory
   11 | #include <ac_nonexistent.h>
      |          ^~~~~~~~~~~~~~~~~~
compilation terminated.
configure:5494: $? = 1
configure: failed program was:
| /* confdefs.h */
| #define PACKAGE_NAME "traffiser"
| #define PACKAGE_TARNAME "traffiser"
| #define PACKAGE_VERSION "0.1.0"
| #define PACKAGE_STRING "traffiser 0.1.0"
| #define PACKAGE_BUGREPORT "simon.delgd@gmail.com"
| #define PACKAGE_URL ""
| #define PACKAGE "traffiser"
| #define VERSION "0.1.0"
| /* end confdefs.h.  */
| #include <ac_nonexistent.h>
configure:5521: result: gcc -E
configure:5535: gcc -E  conftest.c
configure:5535: $? = 0
configure:5550: gcc -E  conftest.c
conftest.c:11:10: fatal error: ac_nonexistent.h: No such file or directory
   11 | #include <ac_nonexistent.h>
      |          ^~~~~~~~~~~~~~~~~~
compilation terminated.
configure:5550: $? = 1
configure: failed program was:
| /* confdefs.h */
| #define PACKAGE_NAME "traffiser"
| #define PACKAGE_TARNAME "traffiser"
| #define PACKAGE_VERSION "0.1.0"
| #define PACKAGE_STRING "traffiser 0.1.0"
| #define PACKAGE_BUGREPORT "simon.delgd@gmail.com"
| #define PACKAGE_URL ""
| #define PACKAGE "traffiser"
| #define VERSION "0.1.0"
| /* end confdefs.h.  */
| #include <ac_nonexistent.h>
configure:5586: checking for stdio.h
configure:5586: gcc -c -g -O2  conftest.c >&5
configure:5586: $? = 0
configure:5586: result: yes
configure:5586: checking for stdlib.h
configure:5586: gcc -c -g -O2  conftest.c >&5
configure:5586: $? = 0
configure:5586: result: yes
configure:5586: checking for string.h
configure:5586: gcc -c -g -O2  conftest.c >&5
configure:5586: $? = 0
configure:5586: result: yes
configure:5586: checking for inttypes.h
configure:5586: gcc -c -g -O2  conftest.c >&5
configure:5586: $? = 0
configure:5586: result: yes
configure:5586: checking for stdint.h
configure:5586: gcc -c -g -O2  conftest.c >&5
configure:5586: $? = 0
configure:5586: result: yes
configure:5586: checking for strings.h
configure:5586: gcc -c -g -O2  conftest.c >&5
configure:5586: $? = 0
configure:5586: result: yes
configure:5586: checking for sys/stat.h
configure:5586: gcc -c -g -O2  conftest.c >&5
configure:5586: $? = 0
configure:5586: result: yes
configure:5586: checking for sys/types.h
configure:5586: gcc -c -g -O2  conftest.c >&5
configure:5586: $? = 0
configure:5586: result: yes
configure:5586: checking for unistd.h
configure:5586: gcc -c -g -O2  conftest.c >&5
configure:5586: $? = 0
configure:5586: result: yes
configure:5586: checking for sys/time.h
configure:5586: gcc -c -g -O2  conftest.c >&5
configure:5586: $? = 0
configure:5586: result: yes
configure:5611: checking for sys/time.h
configure:5611: result: yes
configure:5618: checking for an ANSI C-conforming const
configure:5685: gcc -c -g -O2  conftest.c >&5
configure:5685: $? = 0
configure:5693: result: yes
configure:5701: checking for inline
configure:5718: gcc -c -g -O2  conftest.c >&5
configure:5718: $? = 0
configure:5727: result: inline
configure:5748: checking for strftime
configure:5748: gcc -o conftest -g -O2   conftest.c  >&5
conftest.c:39:6: warning: conflicting types for built-in function 'strftime'; expected 'long unsigned int(char *, long unsigned int,  const char *, const void *)' [-Wbuiltin-declaration-mismatch]
   39 | char strftime ();
      |      ^~~~~~~~
conftest.c:31:1: note: 'strftime' is declared in header '<time.h>'
   30 | #include <limits.h>
   31 | #undef strftime
configure:5748: $? = 0
configure:5748: result: yes
configure:5800: checking for _Bool
configure:5800: gcc -c -g -O2  conftest.c >&5
configure:5800: $? = 0
configure:5800: gcc -c -g -O2  conftest.c >&5
conftest.c: In function 'main':
conftest.c:55:20: error: expected expression before ')' token
   55 | if (sizeof ((_Bool)))
      |                    ^
configure:5800: $? = 1
configure: failed program was:
| /* confdefs.h */
| #define PACKAGE_NAME "traffiser"
| #define PACKAGE_TARNAME "traffiser"
| #define PACKAGE_VERSION "0.1.0"
| #define PACKAGE_STRING "traffiser 0.1.0"
| #define PACKAGE_BUGREPORT "simon.delgd@gmail.com"
| #define PACKAGE_URL ""
| #define PACKAGE "traffiser"
| #define VERSION "0.1.0"
| #define HAVE_STDIO_H 1
| #define HAVE_STDLIB_H 1
| #define HAVE_STRING_H 1
| #define HAVE_INTTYPES_H 1
| #define HAVE_STDINT_H 1
| #define HAVE_STRINGS_H 1
| #define HAVE_SYS_STAT_H 1
| #define HAVE_SYS_TYPES_H 1
| #define HAVE_UNISTD_H 1
| #define HAVE_SYS_TIME_H 1
| #define STDC_HEADERS 1
| #define HAVE_SYS_TIME_H 1
| #define HAVE_STRFTIME 1
| /* end confdefs.h.  */
| #include <stddef.h>
| #ifdef HAVE_STDIO_H
| # include <stdio.h>
| #endif
| #ifdef HAVE_STDLIB_H
| # include <stdlib.h>
| #endif
| #ifdef HAVE_STRING_H
| # include <string.h>
| #endif
| #ifdef HAVE_INTTYPES_H
| # include <inttypes.h>
| #endif
| #ifdef HAVE_STDINT_H
| # include <stdint.h>
| #endif
| #ifdef HAVE_STRINGS_H
| # include <strings.h>
| #endif
| #ifdef HAVE_SYS_TYPES_H
| # include <sys/types.h>
| #endif
| #ifdef HAVE_SYS_STAT_H
| # include <sys/stat.h>
| #endif
| #ifdef HAVE_UNISTD_H
| # include <unistd.h>
| #endif
| int
| main (void)
| {
| if (sizeof ((_Bool)))
| 	    return 0;
|   ;
|   return 0;
| }
configure:5800: result: yes
configure:5809: checking for stdbool.h that conforms to C99
configure:5925: gcc -c -g -O2  conftest.c >&5
configure:5925: $? = 0
configure:5933: result: yes
configure:5952: checking whether struct tm is in sys/time.h or time.h
configure:5973: gcc -c -g -O2  conftest.c >&5
configure:5973: $? = 0
configure:5981: result: time.h
configure:5989: checking for netinet/ip.h
configure:5989: gcc -c -g -O2  conftest.c >&5
configure:5989: $? = 0
configure:5989: result: yes
configure:6029: checking build system type
configure:6044: result: x86_64-pc-linux-gnu
configure:6064: checking host system type
configure:6078: result: x86_64-pc-linux-gnu
configure:6119: checking how to print strings
configure:6146: result: printf
configure:6167: checking for a sed that does not truncate output
configure:6237: result: /usr/bin/sed
configure:6255: checking for grep that handles long lines and -e
configure:6319: result: /usr/bin/grep
configure:6324: checking for egrep
configure:6392: result: /usr/bin/grep -E
configure:6397: checking for fgrep
configure:6465: result: /usr/bin/grep -F
configure:6501: checking for ld used by gcc
configure:6569: result: /usr/bin/ld
configure:6576: checking if the linker (/usr/bin/ld) is GNU ld
configure:6592: result: yes
configure:6604: checking for BSD- or MS-compatible name lister (nm)
configure:6659: result: /usr/bin/nm -B
configure:6799: checking the name lister (/usr/bin/nm -B) interface
configure:6807: gcc -c -g -O2  conftest.c >&5
configure:6810: /usr/bin/nm -B "conftest.o"
configure:6813: output
0000000000000000 B some_variable
configure:6820: result: BSD nm
configure:6823: checking whether ln -s works
configure:6827: result: yes
configure:6835: checking the maximum length of command line arguments
configure:6967: result: 1572864
configure:7015: checking how to convert x86_64-pc-linux-gnu file names to x86_64-pc-linux-gnu format
configure:7056: result: func_convert_file_noop
configure:7063: checking how to convert x86_64-pc-linux-gnu file names to toolchain format
configure:7084: result: func_convert_file_noop
configure:7091: checking for /usr/bin/ld option to reload object files
configure:7099: result: -r
configure:7178: checking for file
configure:7199: found /usr/bin/file
configure:7210: result: file
configure:7286: checking for objdump
configure:7307: found /usr/bin/objdump
configure:7318: result: objdump
configure:7350: checking how to recognize dependent libraries
configure:7551: result: pass_all
configure:7641: checking for dlltool
configure:7676: result: no
configure:7706: checking how to associate runtime and link libraries
configure:7734: result: printf %s\n
configure:7799: checking for ar
configure:7820: found /usr/bin/ar
configure:7831: result: ar
configure:7884: checking for archiver @FILE support
configure:7902: gcc -c -g -O2  conftest.c >&5
configure:7902: $? = 0
configure:7906: ar cr libconftest.a @conftest.lst >&5
configure:7909: $? = 0
configure:7914: ar cr libconftest.a @conftest.lst >&5
ar: conftest.o: No such file or directory
configure:7917: $? = 1
configure:7929: result: @
configure:7992: checking for strip
configure:8013: found /usr/bin/strip
configure:8024: result: strip
configure:8101: checking for ranlib
configure:8122: found /usr/bin/ranlib
configure:8133: result: ranlib
configure:8235: checking command to parse /usr/bin/nm -B output from gcc object
configure:8389: gcc -c -g -O2  conftest.c >&5
configure:8392: $? = 0
configure:8396: /usr/bin/nm -B conftest.o | /usr/bin/sed -n -e 's/^.*[	 ]\([ABCDGIRSTW][ABCDGIRSTW]*\)[	 ][	 ]*\([_A-Za-z][_A-Za-z0-9]*\)$/\1 \2 \2/p' | /usr/bin/sed '/ __gnu_lto/d' > conftest.nm
configure:8462: gcc -o conftest -g -O2   conftest.c conftstm.o >&5
configure:8465: $? = 0
configure:8503: result: ok
configure:8550: checking for sysroot
configure:8581: result: no
configure:8588: checking for a working dd
configure:8632: result: /usr/bin/dd
configure:8636: checking how to truncate binary pipes
configure:8652: result: /usr/bin/dd bs=4096 count=1
configure:8789: gcc -c -g -O2  conftest.c >&5
configure:8792: $? = 0
configure:8989: checking for mt
configure:9010: found /usr/bin/mt
configure:9021: result: mt
configure:9044: checking if mt is a manifest tool
configure:9051: mt '-?'
configure:9059: result: no
configure:9780: checking for dlfcn.h
configure:9780: gcc -c -g -O2  conftest.c >&5
configure:9780: $? = 0
configure:9780: result: yes
configure:10050: checking for objdir
configure:10066: result: .libs
configure:10330: checking if gcc supports -fno-rtti -fno-exceptions
configure:10349: gcc -c -g -O2  -fno-rtti -fno-exceptions conftest.c >&5
cc1: warning: command-line option '-fno-rtti' is valid for C++/D/ObjC++ but not for C
configure:10353: $? = 0
configure:10366: result: no
configure:10730: checking for gcc option to produce PIC
configure:10738: result: -fPIC -DPIC
configure:10746: checking if gcc PIC flag -fPIC -DPIC works
configure:10765: gcc -c -g -O2  -fPIC -DPIC -DPIC conftest.c >&5
configure:10769: $? = 0
configure:10782: result: yes
configure:10811: checking if gcc static flag -static works
configure:10840: result: yes
configure:10855: checking if gcc supports -c -o file.o
configure:10877: gcc -c -g -O2  -o out/conftest2.o conftest.c >&5
configure:10881: $? = 0
configure:10903: result: yes
configure:10911: checking if gcc supports -c -o file.o
configure:10959: result: yes
configure:10992: checking whether the gcc linker (/usr/bin/ld -m elf_x86_64) supports shared libraries
configure:12266: result: yes
configure:12303: checking whether -lc should be explicitly linked in
configure:12312: gcc -c -g -O2  conftest.c >&5
configure:12315: $? = 0
configure:12330: gcc -shared  -fPIC -DPIC conftest.o  -v -Wl,-soname -Wl,conftest -o conftest 2\>\&1 \| /usr/bin/grep  -lc  \>/dev/null 2\>\&1
configure:12333: $? = 0
configure:12347: result: no
configure:12507: checking dynamic linker characteristics
configure:13089: gcc -o conftest -g -O2   -Wl,-rpath -Wl,/foo conftest.c  >&5
configure:13089: $? = 0
configure:13340: result: GNU/Linux ld.so
configure:13462: checking how to hardcode library paths into programs
configure:13487: result: immediate
configure:14039: checking whether stripping libraries is possible
configure:14048: result: yes
configure:14090: checking if libtool supports shared libraries
configure:14092: result: yes
configure:14095: checking whether to build shared libraries
configure:14120: result: yes
configure:14123: checking whether to build static libraries
configure:14127: result: yes
configure:14150: checking how to run the C++ preprocessor
configure:14172: g++ -E  conftest.cpp
configure:14172: $? = 0
configure:14187: g++ -E  conftest.cpp
conftest.cpp:29:10: fatal error: ac_nonexistent.h: No such file or directory
   29 | #include <ac_nonexistent.h>
      |          ^~~~~~~~~~~~~~~~~~
compilation terminated.
configure:14187: $? = 1
configure: failed program was:
| /* confdefs.h */
| #define PACKAGE_NAME "traffiser"
| #define PACKAGE_TARNAME "traffiser"
| #define PACKAGE_VERSION "0.1.0"
| #define PACKAGE_STRING "traffiser 0.1.0"
| #define PACKAGE_BUGREPORT "simon.delgd@gmail.com"
| #define PACKAGE_URL ""
| #define PACKAGE "traffiser"
| #define VERSION "0.1.0"
| #define HAVE_STDIO_H 1
| #define HAVE_STDLIB_H 1
| #define HAVE_STRING_H 1
| #define HAVE_INTTYPES_H 1
| #define HAVE_STDINT_H 1
| #define HAVE_STRINGS_H 1
| #define HAVE_SYS_STAT_H 1
| #define HAVE_SYS_TYPES_H 1
| #define HAVE_UNISTD_H 1
| #define HAVE_SYS_TIME_H 1
| #define STDC_HEADERS 1
| #define HAVE_SYS_TIME_H 1
| #define HAVE_STRFTIME 1
| #define HAVE__BOOL 1
| #define HAVE_STDBOOL_H 1
| #define TIME_WITH_SYS_TIME 1
| #define HAVE_DLFCN_H 1
| #define LT_OBJDIR ".libs/"
| /* end confdefs.h.  */
| #include <ac_nonexistent.h>
configure:14214: result: g++ -E
configure:14228: g++ -E  conftest.cpp
configure:14228: $? = 0
configure:14243: g++ -E  conftest.cpp
conftest.cpp:29:10: fatal error: ac_nonexistent.h: No such file or directory
   29 | #include <ac_nonexistent.h>
      |          ^~~~~~~~~~~~~~~~~~
compilation terminated.
configure:14243: $? = 1
configure: failed program was:
| /* confdefs.h */
| #define PACKAGE_NAME "traffiser"
| #define PACKAGE_TARNAME "traffiser"
| #define PACKAGE_VERSION "0.1.0"
| #define PACKAGE_STRING "traffiser 0.1.0"
| #define PACKAGE_BUGREPORT "simon.delgd@gmail.com"
| #define PACKAGE_URL ""
| #define PACKAGE "traffiser"
| #define VERSION "0.1.0"
| #define HAVE_STDIO_H 1
| #define HAVE_STDLIB_H 1
| #define HAVE_STRING_H 1
| #define HAVE_INTTYPES_H 1
| #define HAVE_STDINT_H 1
| #define HAVE_STRINGS_H 1
| #define HAVE_SYS_STAT_H 1
| #define HAVE_SYS_TYPES_H 1
| #define HAVE_UNISTD_H 1
| #define HAVE_SYS_TIME_H 1
| #define STDC_HEADERS 1
| #define HAVE_SYS_TIME_H 1
| #define HAVE_STRFTIME 1
| #define HAVE__BOOL 1
| #define HAVE_STDBOOL_H 1
| #define TIME_WITH_SYS_TIME 1
| #define HAVE_DLFCN_H 1
| #define LT_OBJDIR ".libs/"
| /* end confdefs.h.  */
| #include <ac_nonexistent.h>
configure:14408: checking for ld used by g++
configure:14476: result: /usr/bin/ld -m elf_x86_64
configure:14483: checking if the linker (/usr/bin/ld -m elf_x86_64) is GNU ld
configure:14499: result: yes
configure:14554: checking whether the g++ linker (/usr/bin/ld -m elf_x86_64) supports shared libraries
configure:15632: result: yes
configure:15668: g++ -c -g -O2  conftest.cpp >&5
configure:15671: $? = 0
configure:16152: checking for g++ option to produce PIC
configure:16160: result: -fPIC -DPIC
configure:16168: checking if g++ PIC flag -fPIC -DPIC works
configure:16187: g++ -c -g -O2  -fPIC -DPIC -DPIC conftest.cpp >&5
configure:16191: $? = 0
configure:16204: result: yes
configure:16227: checking if g++ static flag -static works
configure:16256: result: yes
configure:16268: checking if g++ supports -c -o file.o
configure:16290: g++ -c -g -O2  -o out/conftest2.o conftest.cpp >&5
configure:16294: $? = 0
configure:16316: result: yes
configure:16321: checking if g++ supports -c -o file.o
configure:16369: result: yes
configure:16399: checking whether the g++ linker (/usr/bin/ld -m elf_x86_64) supports shared libraries
configure:16442: result: yes
configure:16584: checking dynamic linker characteristics
configure:17344: result: GNU/Linux ld.so
configure:17409: checking how to hardcode library paths into programs
configure:17434: result: immediate
configure:17495: checking for pcap_open_live in -lpcap
configure:17518: gcc -o conftest -g -O2   conftest.c -lpcap   >&5
configure:17518: $? = 0
configure:17528: result: yes
configure:17695: checking for boostlib >= 1.46 (104600)
configure:17727: g++ -c -g -O2  -I/usr/include conftest.cpp >&5
configure:17727: $? = 0
configure:17730: result: yes
configure:17924: checking whether the Boost::Regex library is available
configure:17948: g++ -c -g -O2  -I/usr/include conftest.cpp >&5
conftest.cpp: In function 'int main()':
conftest.cpp:36:15: warning: empty parentheses were disambiguated as a function declaration [-Wvexing-parse]
   36 | boost::regex r(); return 0;
      |               ^~
configure:17948: $? = 0
configure:17963: result: yes
configure:17974: checking for exit in -lboost_regex
configure:17997: gcc -o conftest -g -O2  -I/usr/include  -L/usr/lib/x86_64-linux-gnu conftest.c -lboost_regex  -lpcap  >&5
conftest.c:36:6: warning: conflicting types for built-in function 'exit'; expected 'void(int)' [-Wbuiltin-declaration-mismatch]
   36 | char exit ();
      |      ^~~~
conftest.c:1:1: note: 'exit' is declared in header '<stdlib.h>'
    1 | /* confdefs.h */
configure:17997: $? = 0
configure:18008: result: yes
configure:18156: checking whether the Boost::Program_Options library is available
configure:18181: g++ -c -g -O2  -I/usr/include conftest.cpp >&5
configure:18181: $? = 0
configure:18196: result: yes
configure:18207: checking for exit in -lboost_program_options
configure:18230: gcc -o conftest -g -O2  -I/usr/include  -L/usr/lib/x86_64-linux-gnu conftest.c -lboost_program_options  -lpcap  >&5
conftest.c:37:6: warning: conflicting types for built-in function 'exit'; expected 'void(int)' [-Wbuiltin-declaration-mismatch]
   37 | char exit ();
      |      ^~~~
conftest.c:1:1: note: 'exit' is declared in header '<stdlib.h>'
    1 | /* confdefs.h */
configure:18230: $? = 0
configure:18241: result: yes
configure:18388: checking whether the Boost::IOStreams library is available
configure:18417: g++ -c -g -O2  -I/usr/include conftest.cpp >&5
configure:18417: $? = 0
configure:18432: result: yes
configure:18443: checking for exit in -lboost_iostreams
configure:18466: gcc -o conftest -g -O2  -I/usr/include  -L/usr/lib/x86_64-linux-gnu conftest.c -lboost_iostreams  -lpcap  >&5
conftest.c:38:6: warning: conflicting types for built-in function 'exit'; expected 'void(int)' [-Wbuiltin-declaration-mismatch]
   38 | char exit ();
      |      ^~~~
conftest.c:1:1: note: 'exit' is declared in header '<stdlib.h>'
    1 | /* confdefs.h */
configure:18466: $? = 0
configure:18477: result: yes
configure:18740: checking that generated files are newer than configure
configure:18746: result: done
configure:18773: creating ./config.status

## ---------------------- ##
## Running config.status. ##
## ---------------------- ##

This file was extended by traffiser config.status 0.1.0, which was
generated by GNU Autoconf 2.71.  Invocation command line was

  CONFIG_FILES    = 
  CONFIG_HEADERS  = 
  CONFIG_LINKS    = 
  CONFIG_COMMANDS = 
  $ ./config.status 

on kali

config.status:1080: creating Makefile
config.status:1080: creating src/Makefile
config.status:1252: executing depfiles commands
config.status:1329: cd src       && sed -e '/# am--include-marker/d' Makefile         | make -f - am--depfiles
config.status:1334: $? = 0
config.status:1252: executing libtool commands

## ---------------- ##
## Cache variables. ##
## ---------------- ##

ac_cv_build=x86_64-pc-linux-gnu
ac_cv_c_compiler_gnu=yes
ac_cv_c_const=yes
ac_cv_c_inline=inline
ac_cv_cxx_compiler_gnu=yes
ac_cv_env_CCC_set=
ac_cv_env_CCC_value=
ac_cv_env_CC_set=
ac_cv_env_CC_value=
ac_cv_env_CFLAGS_set=
ac_cv_env_CFLAGS_value=
ac_cv_env_CPPFLAGS_set=
ac_cv_env_CPPFLAGS_value=
ac_cv_env_CPP_set=
ac_cv_env_CPP_value=
ac_cv_env_CXXCPP_set=
ac_cv_env_CXXCPP_value=
ac_cv_env_CXXFLAGS_set=
ac_cv_env_CXXFLAGS_value=
ac_cv_env_CXX_set=
ac_cv_env_CXX_value=
ac_cv_env_LDFLAGS_set=
ac_cv_env_LDFLAGS_value=
ac_cv_env_LIBS_set=
ac_cv_env_LIBS_value=
ac_cv_env_LT_SYS_LIBRARY_PATH_set=
ac_cv_env_LT_SYS_LIBRARY_PATH_value=
ac_cv_env_build_alias_set=
ac_cv_env_build_alias_value=
ac_cv_env_host_alias_set=
ac_cv_env_host_alias_value=
ac_cv_env_target_alias_set=
ac_cv_env_target_alias_value=
ac_cv_func_strftime=yes
ac_cv_header_dlfcn_h=yes
ac_cv_header_inttypes_h=yes
ac_cv_header_netinet_ip_h=yes
ac_cv_header_stdbool_h=yes
ac_cv_header_stdint_h=yes
ac_cv_header_stdio_h=yes
ac_cv_header_stdlib_h=yes
ac_cv_header_string_h=yes
ac_cv_header_strings_h=yes
ac_cv_header_sys_stat_h=yes
ac_cv_header_sys_time_h=yes
ac_cv_header_sys_types_h=yes
ac_cv_header_unistd_h=yes
ac_cv_host=x86_64-pc-linux-gnu
ac_cv_lib_boost_iostreams_exit=yes
ac_cv_lib_boost_program_options_exit=yes
ac_cv_lib_boost_regex_exit=yes
ac_cv_lib_pcap_pcap_open_live=yes
ac_cv_objext=o
ac_cv_path_EGREP='/usr/bin/grep -E'
ac_cv_path_FGREP='/usr/bin/grep -F'
ac_cv_path_GREP=/usr/bin/grep
ac_cv_path_SED=/usr/bin/sed
ac_cv_path_install='/usr/bin/install -c'
ac_cv_path_lt_DD=/usr/bin/dd
ac_cv_path_mkdir=/usr/bin/mkdir
ac_cv_prog_AWK=gawk
ac_cv_prog_BASH_F=yes
ac_cv_prog_CPP='gcc -E'
ac_cv_prog_CXXCPP='g++ -E'
ac_cv_prog_ac_ct_AR=ar
ac_cv_prog_ac_ct_CC=gcc
ac_cv_prog_ac_ct_CXX=g++
ac_cv_prog_ac_ct_FILECMD=file
ac_cv_prog_ac_ct_MANIFEST_TOOL=mt
ac_cv_prog_ac_ct_OBJDUMP=objdump
ac_cv_prog_ac_ct_RANLIB=ranlib
ac_cv_prog_ac_ct_STRIP=strip
ac_cv_prog_cc_c11=
ac_cv_prog_cc_g=yes
ac_cv_prog_cc_stdc=
ac_cv_prog_cxx_cxx11=
ac_cv_prog_cxx_g=yes
ac_cv_prog_cxx_stdcxx=
ac_cv_prog_make_make_set=yes
ac_cv_struct_tm=time.h
ac_cv_type__Bool=yes
am_cv_CC_dependencies_compiler_type=gcc3
am_cv_CXX_dependencies_compiler_type=gcc3
am_cv_make_support_nested_variables=yes
am_cv_prog_cc_c_o=yes
ax_cv_boost_iostreams=yes
ax_cv_boost_program_options=yes
ax_cv_boost_regex=yes
lt_cv_ar_at_file=@
lt_cv_archive_cmds_need_lc=no
lt_cv_deplibs_check_method=pass_all
lt_cv_file_magic_cmd='$MAGIC_CMD'
lt_cv_file_magic_test_file=
lt_cv_ld_reload_flag=-r
lt_cv_nm_interface='BSD nm'
lt_cv_objdir=.libs
lt_cv_path_LD=/usr/bin/ld
lt_cv_path_LDCXX='/usr/bin/ld -m elf_x86_64'
lt_cv_path_NM='/usr/bin/nm -B'
lt_cv_path_mainfest_tool=no
lt_cv_prog_compiler_c_o=yes
lt_cv_prog_compiler_c_o_CXX=yes
lt_cv_prog_compiler_pic='-fPIC -DPIC'
lt_cv_prog_compiler_pic_CXX='-fPIC -DPIC'
lt_cv_prog_compiler_pic_works=yes
lt_cv_prog_compiler_pic_works_CXX=yes
lt_cv_prog_compiler_rtti_exceptions=no
lt_cv_prog_compiler_static_works=yes
lt_cv_prog_compiler_static_works_CXX=yes
lt_cv_prog_gnu_ld=yes
lt_cv_prog_gnu_ldcxx=yes
lt_cv_sharedlib_from_linklib_cmd='printf %s\n'
lt_cv_shlibpath_overrides_runpath=yes
lt_cv_sys_global_symbol_pipe='/usr/bin/sed -n -e '\''s/^.*[	 ]\([ABCDGIRSTW][ABCDGIRSTW]*\)[	 ][	 ]*\([_A-Za-z][_A-Za-z0-9]*\)$/\1 \2 \2/p'\'' | /usr/bin/sed '\''/ __gnu_lto/d'\'''
lt_cv_sys_global_symbol_to_c_name_address='/usr/bin/sed -n -e '\''s/^: \(.*\) .*$/  {"\1", (void *) 0},/p'\'' -e '\''s/^[ABCDGIRSTW][ABCDGIRSTW]* .* \(.*\)$/  {"\1", (void *) \&\1},/p'\'''
lt_cv_sys_global_symbol_to_c_name_address_lib_prefix='/usr/bin/sed -n -e '\''s/^: \(.*\) .*$/  {"\1", (void *) 0},/p'\'' -e '\''s/^[ABCDGIRSTW][ABCDGIRSTW]* .* \(lib.*\)$/  {"\1", (void *) \&\1},/p'\'' -e '\''s/^[ABCDGIRSTW][ABCDGIRSTW]* .* \(.*\)$/  {"lib\1", (void *) \&\1},/p'\'''
lt_cv_sys_global_symbol_to_cdecl='/usr/bin/sed -n -e '\''s/^T .* \(.*\)$/extern int \1();/p'\'' -e '\''s/^[ABCDGIRSTW][ABCDGIRSTW]* .* \(.*\)$/extern char \1;/p'\'''
lt_cv_sys_global_symbol_to_import=
lt_cv_sys_max_cmd_len=1572864
lt_cv_to_host_file_cmd=func_convert_file_noop
lt_cv_to_tool_file_cmd=func_convert_file_noop
lt_cv_truncate_bin='/usr/bin/dd bs=4096 count=1'

## ----------------- ##
## Output variables. ##
## ----------------- ##

ACLOCAL='${SHELL} '\''/home/kali/network_sniffer/generated/missing'\'' aclocal-1.16'
AMDEPBACKSLASH='\'
AMDEP_FALSE='#'
AMDEP_TRUE=''
AMTAR='$${TAR-tar}'
AM_BACKSLASH='\'
AM_DEFAULT_V='$(AM_DEFAULT_VERBOSITY)'
AM_DEFAULT_VERBOSITY='1'
AM_V='$(V)'
AR='ar'
AUTOCONF='${SHELL} '\''/home/kali/network_sniffer/generated/missing'\'' autoconf'
AUTOHEADER='${SHELL} '\''/home/kali/network_sniffer/generated/missing'\'' autoheader'
AUTOMAKE='${SHELL} '\''/home/kali/network_sniffer/generated/missing'\'' automake-1.16'
AWK='gawk'
BASH_F='yes'
BOOST_CPPFLAGS='-I/usr/include'
BOOST_IOSTREAMS_LIB='-lboost_iostreams'
BOOST_LDFLAGS='-L/usr/lib/x86_64-linux-gnu'
BOOST_PROGRAM_OPTIONS_LIB='-lboost_program_options'
BOOST_REGEX_LIB='-lboost_regex'
CC='gcc'
CCDEPMODE='depmode=gcc3'
CFLAGS='-g -O2'
CPP='gcc -E'
CPPFLAGS=''
CSCOPE='cscope'
CTAGS='ctags'
CXX='g++'
CXXCPP='g++ -E'
CXXDEPMODE='depmode=gcc3'
CXXFLAGS='-g -O2'
CYGPATH_W='echo'
DEFS='-DPACKAGE_NAME=\"traffiser\" -DPACKAGE_TARNAME=\"traffiser\" -DPACKAGE_VERSION=\"0.1.0\" -DPACKAGE_STRING=\"traffiser\ 0.1.0\" -DPACKAGE_BUGREPORT=\"simon.delgd@gmail.com\" -DPACKAGE_URL=\"\" -DPACKAGE=\"traffiser\" -DVERSION=\"0.1.0\" -DHAVE_STDIO_H=1 -DHAVE_STDLIB_H=1 -DHAVE_STRING_H=1 -DHAVE_INTTYPES_H=1 -DHAVE_STDINT_H=1 -DHAVE_STRINGS_H=1 -DHAVE_SYS_STAT_H=1 -DHAVE_SYS_TYPES_H=1 -DHAVE_UNISTD_H=1 -DHAVE_SYS_TIME_H=1 -DSTDC_HEADERS=1 -DHAVE_SYS_TIME_H=1 -DHAVE_STRFTIME=1 -DHAVE__BOOL=1 -DHAVE_STDBOOL_H=1 -DTIME_WITH_SYS_TIME=1 -DHAVE_DLFCN_H=1 -DLT_OBJDIR=\".libs/\" -DHAVE_LIBPCAP=1 -DHAVE_BOOST=/\*\*/ -DHAVE_BOOST_REGEX=/\*\*/ -DHAVE_BOOST_PROGRAM_OPTIONS=/\*\*/ -DHAVE_BOOST_IOSTREAMS=/\*\*/'
DEPDIR='.deps'
DLLTOOL='false'
DSYMUTIL=''
DUMPBIN=''
ECHO_C=''
ECHO_N='-n'
ECHO_T=''
EGREP='/usr/bin/grep -E'
ETAGS='etags'
EXEEXT=''
FGREP='/usr/bin/grep -F'
FILECMD='file'
GREP='/usr/bin/grep'
INSTALL_DATA='${INSTALL} -m 644'
INSTALL_PROGRAM='${INSTALL}'
INSTALL_SCRIPT='${INSTALL}'
INSTALL_STRIP_PROGRAM='$(install_sh) -c -s'
LD='/usr/bin/ld -m elf_x86_64'
LDFLAGS=''
LIBOBJS=''
LIBS='-lpcap '
LIBTOOL='$(SHELL) $(top_builddir)/libtool'
LIPO=''
LN_S='ln -s'
LTLIBOBJS=''
LT_SYS_LIBRARY_PATH=''
MAINT='#'
MAINTAINER_MODE_FALSE=''
MAINTAINER_MODE_TRUE='#'
MAKEINFO='${SHELL} '\''/home/kali/network_sniffer/generated/missing'\'' makeinfo'
MANIFEST_TOOL=':'
MKDIR_P='/usr/bin/mkdir -p'
NM='/usr/bin/nm -B'
NMEDIT=''
OBJDUMP='objdump'
OBJEXT='o'
OTOOL64=''
OTOOL=''
PACKAGE='traffiser'
PACKAGE_BUGREPORT='simon.delgd@gmail.com'
PACKAGE_NAME='traffiser'
PACKAGE_STRING='traffiser 0.1.0'
PACKAGE_TARNAME='traffiser'
PACKAGE_URL=''
PACKAGE_VERSION='0.1.0'
PATH_SEPARATOR=':'
RANLIB='ranlib'
SED='/usr/bin/sed'
SET_MAKE=''
SHELL='/bin/bash'
STRIP='strip'
VERSION='0.1.0'
ac_ct_AR='ar'
ac_ct_CC='gcc'
ac_ct_CXX='g++'
ac_ct_DUMPBIN=''
am__EXEEXT_FALSE=''
am__EXEEXT_TRUE='#'
am__fastdepCC_FALSE='#'
am__fastdepCC_TRUE=''
am__fastdepCXX_FALSE='#'
am__fastdepCXX_TRUE=''
am__include='include'
am__isrc=''
am__leading_dot='.'
am__nodep='_no'
am__quote=''
am__tar='$${TAR-tar} chof - "$$tardir"'
am__untar='$${TAR-tar} xf -'
bindir='${exec_prefix}/bin'
build='x86_64-pc-linux-gnu'
build_alias=''
build_cpu='x86_64'
build_os='linux-gnu'
build_vendor='pc'
datadir='${datarootdir}'
datarootdir='${prefix}/share'
docdir='${datarootdir}/doc/${PACKAGE_TARNAME}'
dvidir='${docdir}'
exec_prefix='${prefix}'
host='x86_64-pc-linux-gnu'
host_alias=''
host_cpu='x86_64'
host_os='linux-gnu'
host_vendor='pc'
htmldir='${docdir}'
includedir='${prefix}/include'
infodir='${datarootdir}/info'
install_sh='${SHELL} /home/kali/network_sniffer/generated/install-sh'
libdir='${exec_prefix}/lib'
libexecdir='${exec_prefix}/libexec'
localedir='${datarootdir}/locale'
localstatedir='${prefix}/var'
mandir='${datarootdir}/man'
mkdir_p='$(MKDIR_P)'
oldincludedir='/usr/include'
pdfdir='${docdir}'
prefix='/usr/local'
program_transform_name='s,x,x,'
psdir='${docdir}'
runstatedir='${localstatedir}/run'
sbindir='${exec_prefix}/sbin'
sharedstatedir='${prefix}/com'
sysconfdir='${prefix}/etc'
target_alias=''

## ----------- ##
## confdefs.h. ##
## ----------- ##

/* confdefs.h */
#define PACKAGE_NAME "traffiser"
#define PACKAGE_TARNAME "traffiser"
#define PACKAGE_VERSION "0.1.0"
#define PACKAGE_STRING "traffiser 0.1.0"
#define PACKAGE_BUGREPORT "simon.delgd@gmail.com"
#define PACKAGE_URL ""
#define PACKAGE "traffiser"
#define VERSION "0.1.0"
#define HAVE_STDIO_H 1
#define HAVE_STDLIB_H 1
#define HAVE_STRING_H 1
#define HAVE_INTTYPES_H 1
#define HAVE_STDINT_H 1
#define HAVE_STRINGS_H 1
#define HAVE_SYS_STAT_H 1
#define HAVE_SYS_TYPES_H 1
#define HAVE_UNISTD_H 1
#define HAVE_SYS_TIME_H 1
#define STDC_HEADERS 1
#define HAVE_SYS_TIME_H 1
#define HAVE_STRFTIME 1
#define HAVE__BOOL 1
#define HAVE_STDBOOL_H 1
#define TIME_WITH_SYS_TIME 1
#define HAVE_DLFCN_H 1
#define LT_OBJDIR ".libs/"
#define HAVE_LIBPCAP 1
#define HAVE_BOOST /**/
#define HAVE_BOOST_REGEX /**/
#define HAVE_BOOST_PROGRAM_OPTIONS /**/
#define HAVE_BOOST_IOSTREAMS /**/

configure: exit 0
